Tasktop/app/build/outputs/logs/manifest-merger-debug-report.txt
-- Merging decision tree log ---
manifest
ADDED from src\main\AndroidManifest.xml:2:1-31:12
	package
		ADDED from src\main\AndroidManifest.xml:3:7-27
		INJECTED from src\main\AndroidManifest.xml
		INJECTED from src\main\AndroidManifest.xml
	android:versionName
		ADDED from src\main\AndroidManifest.xml:5:7-32
		INJECTED from src\main\AndroidManifest.xml
		INJECTED from src\main\AndroidManifest.xml
	android:versionCode
		ADDED from src\main\AndroidManifest.xml:4:7-30
		INJECTED from src\main\AndroidManifest.xml
		INJECTED from src\main\AndroidManifest.xml
	xmlns:android
		ADDED from src\main\AndroidManifest.xml:2:11-69
uses-sdk
ADDED from src\main\AndroidManifest.xml:6:5-43
	android:targetSdkVersion
		INJECTED from src\main\AndroidManifest.xml
		INJECTED from src\main\AndroidManifest.xml
	android:minSdkVersion
		ADDED from src\main\AndroidManifest.xml:6:15-40
		INJECTED from src\main\AndroidManifest.xml
		INJECTED from src\main\AndroidManifest.xml
uses-permission#android.permission.VIBRATE
ADDED from src\main\AndroidManifest.xml:7:6-8:20
	android:name
		ADDED from src\main\AndroidManifest.xml:7:23-64
application
ADDED from src\main\AndroidManifest.xml:9:5-30:20
	android:label
		ADDED from src\main\AndroidManifest.xml:9:48-80
	android:icon
		ADDED from src\main\AndroidManifest.xml:9:18-47
activity#com.splash.SplashActivity
ADDED from src\main\AndroidManifest.xml:10:9-16:20
	android:label
		ADDED from src\main\AndroidManifest.xml:11:19-51
	android:theme
		ADDED from src\main\AndroidManifest.xml:11:52-110
	android:name
		ADDED from src\main\AndroidManifest.xml:10:19-49
intent-filter#android.intent.action.MAIN+android.intent.category.LAUNCHER
ADDED from src\main\AndroidManifest.xml:12:13-15:29
action#android.intent.action.MAIN
ADDED from src\main\AndroidManifest.xml:13:17-69
	android:name
		ADDED from src\main\AndroidManifest.xml:13:25-66
category#android.intent.category.LAUNCHER
ADDED from src\main\AndroidManifest.xml:14:17-77
	android:name
		ADDED from src\main\AndroidManifest.xml:14:27-74
activity#com.splash.Welcome
ADDED from src\main\AndroidManifest.xml:17:9-103
	android:theme
		ADDED from src\main\AndroidManifest.xml:17:43-101
	android:name
		ADDED from src\main\AndroidManifest.xml:17:19-42
activity#com.splash.MainScreen
ADDED from src\main\AndroidManifest.xml:18:9-106
	android:theme
		ADDED from src\main\AndroidManifest.xml:18:46-104
	android:name
		ADDED from src\main\AndroidManifest.xml:18:19-45
activity#com.splash.AddTask
ADDED from src\main\AndroidManifest.xml:19:10-104
	android:theme
		ADDED from src\main\AndroidManifest.xml:19:44-102
	android:name
		ADDED from src\main\AndroidManifest.xml:19:20-43
activity#com.splash.Detail
ADDED from src\main\AndroidManifest.xml:20:10-23:20
	android:theme
		ADDED from src\main\AndroidManifest.xml:20:43-101
	android:name
		ADDED from src\main\AndroidManifest.xml:20:20-42
activity#com.splash.NotifyActivity
ADDED from src\main\AndroidManifest.xml:24:9-25:57
	android:label
		ADDED from src\main\AndroidManifest.xml:24:19-51
	android:name
		ADDED from src\main\AndroidManifest.xml:25:15-45
activity#com.splash.Update
ADDED from src\main\AndroidManifest.xml:28:10-103
	android:theme
		ADDED from src\main\AndroidManifest.xml:28:43-101
	android:name
		ADDED from src\main\AndroidManifest.xml:28:20-42
receiver#com.splash.AlarmReceiver
ADDED from src\main\AndroidManifest.xml:29:12-80
	android:process
		ADDED from src\main\AndroidManifest.xml:29:52-77
	android:name
		ADDED from src\main\AndroidManifest.xml:29:22-51